<?xml version="1.0" encoding="UTF-8"?>
<testsuite xmlns:xsi="http://www.w3.org/2001/XMLSchema-instance" xsi:noNamespaceSchemaLocation="https://maven.apache.org/surefire/maven-surefire-plugin/xsd/surefire-test-report.xsd" name="br.com.alveesrenan.demos.kuberneteshpacustom.KubernetesHpaCustomApplicationTests" time="2.88" tests="1" errors="0" skipped="0" failures="0">
  <properties>
    <property name="sun.desktop" value="gnome"/>
    <property name="awt.toolkit" value="sun.awt.X11.XToolkit"/>
    <property name="file.encoding.pkg" value="sun.io"/>
    <property name="java.specification.version" value="1.8"/>
    <property name="sun.cpu.isalist" value=""/>
    <property name="sun.jnu.encoding" value="UTF-8"/>
    <property name="java.class.path" value="/home/alveesrenan/Documents/kubernetes/kubernetes-hpa-custom/target/test-classes:/home/alveesrenan/Documents/kubernetes/kubernetes-hpa-custom/target/classes:/home/alveesrenan/Documents/kubernetes/kubernetes-hpa-custom/./.m2/org/springframework/boot/spring-boot-starter-actuator/2.1.2.RELEASE/spring-boot-starter-actuator-2.1.2.RELEASE.jar:/home/alveesrenan/Documents/kubernetes/kubernetes-hpa-custom/./.m2/org/springframework/boot/spring-boot-starter/2.1.2.RELEASE/spring-boot-starter-2.1.2.RELEASE.jar:/home/alveesrenan/Documents/kubernetes/kubernetes-hpa-custom/./.m2/org/springframework/boot/spring-boot/2.1.2.RELEASE/spring-boot-2.1.2.RELEASE.jar:/home/alveesrenan/Documents/kubernetes/kubernetes-hpa-custom/./.m2/org/springframework/boot/spring-boot-autoconfigure/2.1.2.RELEASE/spring-boot-autoconfigure-2.1.2.RELEASE.jar:/home/alveesrenan/Documents/kubernetes/kubernetes-hpa-custom/./.m2/org/springframework/boot/spring-boot-starter-logging/2.1.2.RELEASE/spring-boot-starter-logging-2.1.2.RELEASE.jar:/home/alveesrenan/Documents/kubernetes/kubernetes-hpa-custom/./.m2/ch/qos/logback/logback-classic/1.2.3/logback-classic-1.2.3.jar:/home/alveesrenan/Documents/kubernetes/kubernetes-hpa-custom/./.m2/ch/qos/logback/logback-core/1.2.3/logback-core-1.2.3.jar:/home/alveesrenan/Documents/kubernetes/kubernetes-hpa-custom/./.m2/org/apache/logging/log4j/log4j-to-slf4j/2.11.1/log4j-to-slf4j-2.11.1.jar:/home/alveesrenan/Documents/kubernetes/kubernetes-hpa-custom/./.m2/org/apache/logging/log4j/log4j-api/2.11.1/log4j-api-2.11.1.jar:/home/alveesrenan/Documents/kubernetes/kubernetes-hpa-custom/./.m2/org/slf4j/jul-to-slf4j/1.7.25/jul-to-slf4j-1.7.25.jar:/home/alveesrenan/Documents/kubernetes/kubernetes-hpa-custom/./.m2/javax/annotation/javax.annotation-api/1.3.2/javax.annotation-api-1.3.2.jar:/home/alveesrenan/Documents/kubernetes/kubernetes-hpa-custom/./.m2/org/yaml/snakeyaml/1.23/snakeyaml-1.23.jar:/home/alveesrenan/Documents/kubernetes/kubernetes-hpa-custom/./.m2/org/springframework/boot/spring-boot-actuator-autoconfigure/2.1.2.RELEASE/spring-boot-actuator-autoconfigure-2.1.2.RELEASE.jar:/home/alveesrenan/Documents/kubernetes/kubernetes-hpa-custom/./.m2/org/springframework/boot/spring-boot-actuator/2.1.2.RELEASE/spring-boot-actuator-2.1.2.RELEASE.jar:/home/alveesrenan/Documents/kubernetes/kubernetes-hpa-custom/./.m2/com/fasterxml/jackson/core/jackson-databind/2.9.8/jackson-databind-2.9.8.jar:/home/alveesrenan/Documents/kubernetes/kubernetes-hpa-custom/./.m2/com/fasterxml/jackson/core/jackson-annotations/2.9.0/jackson-annotations-2.9.0.jar:/home/alveesrenan/Documents/kubernetes/kubernetes-hpa-custom/./.m2/com/fasterxml/jackson/core/jackson-core/2.9.8/jackson-core-2.9.8.jar:/home/alveesrenan/Documents/kubernetes/kubernetes-hpa-custom/./.m2/org/springframework/spring-context/5.1.4.RELEASE/spring-context-5.1.4.RELEASE.jar:/home/alveesrenan/Documents/kubernetes/kubernetes-hpa-custom/./.m2/com/fasterxml/jackson/datatype/jackson-datatype-jsr310/2.9.8/jackson-datatype-jsr310-2.9.8.jar:/home/alveesrenan/Documents/kubernetes/kubernetes-hpa-custom/./.m2/io/micrometer/micrometer-core/1.1.2/micrometer-core-1.1.2.jar:/home/alveesrenan/Documents/kubernetes/kubernetes-hpa-custom/./.m2/org/hdrhistogram/HdrHistogram/2.1.9/HdrHistogram-2.1.9.jar:/home/alveesrenan/Documents/kubernetes/kubernetes-hpa-custom/./.m2/org/latencyutils/LatencyUtils/2.0.3/LatencyUtils-2.0.3.jar:/home/alveesrenan/Documents/kubernetes/kubernetes-hpa-custom/./.m2/org/springframework/boot/spring-boot-starter-amqp/2.1.2.RELEASE/spring-boot-starter-amqp-2.1.2.RELEASE.jar:/home/alveesrenan/Documents/kubernetes/kubernetes-hpa-custom/./.m2/org/springframework/spring-messaging/5.1.4.RELEASE/spring-messaging-5.1.4.RELEASE.jar:/home/alveesrenan/Documents/kubernetes/kubernetes-hpa-custom/./.m2/org/springframework/spring-beans/5.1.4.RELEASE/spring-beans-5.1.4.RELEASE.jar:/home/alveesrenan/Documents/kubernetes/kubernetes-hpa-custom/./.m2/org/springframework/amqp/spring-rabbit/2.1.3.RELEASE/spring-rabbit-2.1.3.RELEASE.jar:/home/alveesrenan/Documents/kubernetes/kubernetes-hpa-custom/./.m2/org/springframework/amqp/spring-amqp/2.1.3.RELEASE/spring-amqp-2.1.3.RELEASE.jar:/home/alveesrenan/Documents/kubernetes/kubernetes-hpa-custom/./.m2/org/springframework/retry/spring-retry/1.2.3.RELEASE/spring-retry-1.2.3.RELEASE.jar:/home/alveesrenan/Documents/kubernetes/kubernetes-hpa-custom/./.m2/com/rabbitmq/amqp-client/5.4.3/amqp-client-5.4.3.jar:/home/alveesrenan/Documents/kubernetes/kubernetes-hpa-custom/./.m2/org/springframework/spring-tx/5.1.4.RELEASE/spring-tx-5.1.4.RELEASE.jar:/home/alveesrenan/Documents/kubernetes/kubernetes-hpa-custom/./.m2/org/springframework/boot/spring-boot-starter-web/2.1.2.RELEASE/spring-boot-starter-web-2.1.2.RELEASE.jar:/home/alveesrenan/Documents/kubernetes/kubernetes-hpa-custom/./.m2/org/springframework/boot/spring-boot-starter-json/2.1.2.RELEASE/spring-boot-starter-json-2.1.2.RELEASE.jar:/home/alveesrenan/Documents/kubernetes/kubernetes-hpa-custom/./.m2/com/fasterxml/jackson/datatype/jackson-datatype-jdk8/2.9.8/jackson-datatype-jdk8-2.9.8.jar:/home/alveesrenan/Documents/kubernetes/kubernetes-hpa-custom/./.m2/com/fasterxml/jackson/module/jackson-module-parameter-names/2.9.8/jackson-module-parameter-names-2.9.8.jar:/home/alveesrenan/Documents/kubernetes/kubernetes-hpa-custom/./.m2/org/springframework/boot/spring-boot-starter-tomcat/2.1.2.RELEASE/spring-boot-starter-tomcat-2.1.2.RELEASE.jar:/home/alveesrenan/Documents/kubernetes/kubernetes-hpa-custom/./.m2/org/apache/tomcat/embed/tomcat-embed-core/9.0.14/tomcat-embed-core-9.0.14.jar:/home/alveesrenan/Documents/kubernetes/kubernetes-hpa-custom/./.m2/org/apache/tomcat/embed/tomcat-embed-el/9.0.14/tomcat-embed-el-9.0.14.jar:/home/alveesrenan/Documents/kubernetes/kubernetes-hpa-custom/./.m2/org/apache/tomcat/embed/tomcat-embed-websocket/9.0.14/tomcat-embed-websocket-9.0.14.jar:/home/alveesrenan/Documents/kubernetes/kubernetes-hpa-custom/./.m2/org/hibernate/validator/hibernate-validator/6.0.14.Final/hibernate-validator-6.0.14.Final.jar:/home/alveesrenan/Documents/kubernetes/kubernetes-hpa-custom/./.m2/javax/validation/validation-api/2.0.1.Final/validation-api-2.0.1.Final.jar:/home/alveesrenan/Documents/kubernetes/kubernetes-hpa-custom/./.m2/org/jboss/logging/jboss-logging/3.3.2.Final/jboss-logging-3.3.2.Final.jar:/home/alveesrenan/Documents/kubernetes/kubernetes-hpa-custom/./.m2/com/fasterxml/classmate/1.4.0/classmate-1.4.0.jar:/home/alveesrenan/Documents/kubernetes/kubernetes-hpa-custom/./.m2/org/springframework/spring-web/5.1.4.RELEASE/spring-web-5.1.4.RELEASE.jar:/home/alveesrenan/Documents/kubernetes/kubernetes-hpa-custom/./.m2/org/springframework/spring-webmvc/5.1.4.RELEASE/spring-webmvc-5.1.4.RELEASE.jar:/home/alveesrenan/Documents/kubernetes/kubernetes-hpa-custom/./.m2/org/springframework/spring-aop/5.1.4.RELEASE/spring-aop-5.1.4.RELEASE.jar:/home/alveesrenan/Documents/kubernetes/kubernetes-hpa-custom/./.m2/org/springframework/spring-expression/5.1.4.RELEASE/spring-expression-5.1.4.RELEASE.jar:/home/alveesrenan/Documents/kubernetes/kubernetes-hpa-custom/./.m2/org/springframework/boot/spring-boot-starter-test/2.1.2.RELEASE/spring-boot-starter-test-2.1.2.RELEASE.jar:/home/alveesrenan/Documents/kubernetes/kubernetes-hpa-custom/./.m2/org/springframework/boot/spring-boot-test/2.1.2.RELEASE/spring-boot-test-2.1.2.RELEASE.jar:/home/alveesrenan/Documents/kubernetes/kubernetes-hpa-custom/./.m2/org/springframework/boot/spring-boot-test-autoconfigure/2.1.2.RELEASE/spring-boot-test-autoconfigure-2.1.2.RELEASE.jar:/home/alveesrenan/Documents/kubernetes/kubernetes-hpa-custom/./.m2/com/jayway/jsonpath/json-path/2.4.0/json-path-2.4.0.jar:/home/alveesrenan/Documents/kubernetes/kubernetes-hpa-custom/./.m2/net/minidev/json-smart/2.3/json-smart-2.3.jar:/home/alveesrenan/Documents/kubernetes/kubernetes-hpa-custom/./.m2/net/minidev/accessors-smart/1.2/accessors-smart-1.2.jar:/home/alveesrenan/Documents/kubernetes/kubernetes-hpa-custom/./.m2/org/ow2/asm/asm/5.0.4/asm-5.0.4.jar:/home/alveesrenan/Documents/kubernetes/kubernetes-hpa-custom/./.m2/org/slf4j/slf4j-api/1.7.25/slf4j-api-1.7.25.jar:/home/alveesrenan/Documents/kubernetes/kubernetes-hpa-custom/./.m2/junit/junit/4.12/junit-4.12.jar:/home/alveesrenan/Documents/kubernetes/kubernetes-hpa-custom/./.m2/org/assertj/assertj-core/3.11.1/assertj-core-3.11.1.jar:/home/alveesrenan/Documents/kubernetes/kubernetes-hpa-custom/./.m2/org/mockito/mockito-core/2.23.4/mockito-core-2.23.4.jar:/home/alveesrenan/Documents/kubernetes/kubernetes-hpa-custom/./.m2/net/bytebuddy/byte-buddy/1.9.7/byte-buddy-1.9.7.jar:/home/alveesrenan/Documents/kubernetes/kubernetes-hpa-custom/./.m2/net/bytebuddy/byte-buddy-agent/1.9.7/byte-buddy-agent-1.9.7.jar:/home/alveesrenan/Documents/kubernetes/kubernetes-hpa-custom/./.m2/org/objenesis/objenesis/2.6/objenesis-2.6.jar:/home/alveesrenan/Documents/kubernetes/kubernetes-hpa-custom/./.m2/org/hamcrest/hamcrest-core/1.3/hamcrest-core-1.3.jar:/home/alveesrenan/Documents/kubernetes/kubernetes-hpa-custom/./.m2/org/hamcrest/hamcrest-library/1.3/hamcrest-library-1.3.jar:/home/alveesrenan/Documents/kubernetes/kubernetes-hpa-custom/./.m2/org/skyscreamer/jsonassert/1.5.0/jsonassert-1.5.0.jar:/home/alveesrenan/Documents/kubernetes/kubernetes-hpa-custom/./.m2/com/vaadin/external/google/android-json/0.0.20131108.vaadin1/android-json-0.0.20131108.vaadin1.jar:/home/alveesrenan/Documents/kubernetes/kubernetes-hpa-custom/./.m2/org/springframework/spring-core/5.1.4.RELEASE/spring-core-5.1.4.RELEASE.jar:/home/alveesrenan/Documents/kubernetes/kubernetes-hpa-custom/./.m2/org/springframework/spring-jcl/5.1.4.RELEASE/spring-jcl-5.1.4.RELEASE.jar:/home/alveesrenan/Documents/kubernetes/kubernetes-hpa-custom/./.m2/org/springframework/spring-test/5.1.4.RELEASE/spring-test-5.1.4.RELEASE.jar:/home/alveesrenan/Documents/kubernetes/kubernetes-hpa-custom/./.m2/org/xmlunit/xmlunit-core/2.6.2/xmlunit-core-2.6.2.jar:/home/alveesrenan/Documents/kubernetes/kubernetes-hpa-custom/./.m2/org/springframework/boot/spring-boot-configuration-processor/2.1.2.RELEASE/spring-boot-configuration-processor-2.1.2.RELEASE.jar:/home/alveesrenan/Documents/kubernetes/kubernetes-hpa-custom/./.m2/org/projectlombok/lombok/1.16.14/lombok-1.16.14.jar:/home/alveesrenan/Documents/kubernetes/kubernetes-hpa-custom/./.m2/io/micrometer/micrometer-registry-prometheus/1.1.2/micrometer-registry-prometheus-1.1.2.jar:/home/alveesrenan/Documents/kubernetes/kubernetes-hpa-custom/./.m2/io/prometheus/simpleclient_common/0.5.0/simpleclient_common-0.5.0.jar:/home/alveesrenan/Documents/kubernetes/kubernetes-hpa-custom/./.m2/io/prometheus/simpleclient/0.5.0/simpleclient-0.5.0.jar:"/>
    <property name="java.vm.vendor" value="Oracle Corporation"/>
    <property name="sun.arch.data.model" value="64"/>
    <property name="java.vendor.url" value="http://java.oracle.com/"/>
    <property name="user.timezone" value=""/>
    <property name="user.country.format" value="BR"/>
    <property name="java.vm.specification.version" value="1.8"/>
    <property name="os.name" value="Linux"/>
    <property name="user.country" value="US"/>
    <property name="sun.java.launcher" value="SUN_STANDARD"/>
    <property name="sun.boot.library.path" value="/usr/lib/jvm/java-8-oracle/jre/lib/amd64"/>
    <property name="sun.java.command" value="/home/alveesrenan/Documents/kubernetes/kubernetes-hpa-custom/target/surefire/surefirebooter5084063498410418415.jar /home/alveesrenan/Documents/kubernetes/kubernetes-hpa-custom/target/surefire 2019-02-05T16-29-56_492-jvmRun1 surefire1272672781629688477tmp surefire_07400180245065511288tmp"/>
    <property name="surefire.test.class.path" value="/home/alveesrenan/Documents/kubernetes/kubernetes-hpa-custom/target/test-classes:/home/alveesrenan/Documents/kubernetes/kubernetes-hpa-custom/target/classes:/home/alveesrenan/Documents/kubernetes/kubernetes-hpa-custom/./.m2/org/springframework/boot/spring-boot-starter-actuator/2.1.2.RELEASE/spring-boot-starter-actuator-2.1.2.RELEASE.jar:/home/alveesrenan/Documents/kubernetes/kubernetes-hpa-custom/./.m2/org/springframework/boot/spring-boot-starter/2.1.2.RELEASE/spring-boot-starter-2.1.2.RELEASE.jar:/home/alveesrenan/Documents/kubernetes/kubernetes-hpa-custom/./.m2/org/springframework/boot/spring-boot/2.1.2.RELEASE/spring-boot-2.1.2.RELEASE.jar:/home/alveesrenan/Documents/kubernetes/kubernetes-hpa-custom/./.m2/org/springframework/boot/spring-boot-autoconfigure/2.1.2.RELEASE/spring-boot-autoconfigure-2.1.2.RELEASE.jar:/home/alveesrenan/Documents/kubernetes/kubernetes-hpa-custom/./.m2/org/springframework/boot/spring-boot-starter-logging/2.1.2.RELEASE/spring-boot-starter-logging-2.1.2.RELEASE.jar:/home/alveesrenan/Documents/kubernetes/kubernetes-hpa-custom/./.m2/ch/qos/logback/logback-classic/1.2.3/logback-classic-1.2.3.jar:/home/alveesrenan/Documents/kubernetes/kubernetes-hpa-custom/./.m2/ch/qos/logback/logback-core/1.2.3/logback-core-1.2.3.jar:/home/alveesrenan/Documents/kubernetes/kubernetes-hpa-custom/./.m2/org/apache/logging/log4j/log4j-to-slf4j/2.11.1/log4j-to-slf4j-2.11.1.jar:/home/alveesrenan/Documents/kubernetes/kubernetes-hpa-custom/./.m2/org/apache/logging/log4j/log4j-api/2.11.1/log4j-api-2.11.1.jar:/home/alveesrenan/Documents/kubernetes/kubernetes-hpa-custom/./.m2/org/slf4j/jul-to-slf4j/1.7.25/jul-to-slf4j-1.7.25.jar:/home/alveesrenan/Documents/kubernetes/kubernetes-hpa-custom/./.m2/javax/annotation/javax.annotation-api/1.3.2/javax.annotation-api-1.3.2.jar:/home/alveesrenan/Documents/kubernetes/kubernetes-hpa-custom/./.m2/org/yaml/snakeyaml/1.23/snakeyaml-1.23.jar:/home/alveesrenan/Documents/kubernetes/kubernetes-hpa-custom/./.m2/org/springframework/boot/spring-boot-actuator-autoconfigure/2.1.2.RELEASE/spring-boot-actuator-autoconfigure-2.1.2.RELEASE.jar:/home/alveesrenan/Documents/kubernetes/kubernetes-hpa-custom/./.m2/org/springframework/boot/spring-boot-actuator/2.1.2.RELEASE/spring-boot-actuator-2.1.2.RELEASE.jar:/home/alveesrenan/Documents/kubernetes/kubernetes-hpa-custom/./.m2/com/fasterxml/jackson/core/jackson-databind/2.9.8/jackson-databind-2.9.8.jar:/home/alveesrenan/Documents/kubernetes/kubernetes-hpa-custom/./.m2/com/fasterxml/jackson/core/jackson-annotations/2.9.0/jackson-annotations-2.9.0.jar:/home/alveesrenan/Documents/kubernetes/kubernetes-hpa-custom/./.m2/com/fasterxml/jackson/core/jackson-core/2.9.8/jackson-core-2.9.8.jar:/home/alveesrenan/Documents/kubernetes/kubernetes-hpa-custom/./.m2/org/springframework/spring-context/5.1.4.RELEASE/spring-context-5.1.4.RELEASE.jar:/home/alveesrenan/Documents/kubernetes/kubernetes-hpa-custom/./.m2/com/fasterxml/jackson/datatype/jackson-datatype-jsr310/2.9.8/jackson-datatype-jsr310-2.9.8.jar:/home/alveesrenan/Documents/kubernetes/kubernetes-hpa-custom/./.m2/io/micrometer/micrometer-core/1.1.2/micrometer-core-1.1.2.jar:/home/alveesrenan/Documents/kubernetes/kubernetes-hpa-custom/./.m2/org/hdrhistogram/HdrHistogram/2.1.9/HdrHistogram-2.1.9.jar:/home/alveesrenan/Documents/kubernetes/kubernetes-hpa-custom/./.m2/org/latencyutils/LatencyUtils/2.0.3/LatencyUtils-2.0.3.jar:/home/alveesrenan/Documents/kubernetes/kubernetes-hpa-custom/./.m2/org/springframework/boot/spring-boot-starter-amqp/2.1.2.RELEASE/spring-boot-starter-amqp-2.1.2.RELEASE.jar:/home/alveesrenan/Documents/kubernetes/kubernetes-hpa-custom/./.m2/org/springframework/spring-messaging/5.1.4.RELEASE/spring-messaging-5.1.4.RELEASE.jar:/home/alveesrenan/Documents/kubernetes/kubernetes-hpa-custom/./.m2/org/springframework/spring-beans/5.1.4.RELEASE/spring-beans-5.1.4.RELEASE.jar:/home/alveesrenan/Documents/kubernetes/kubernetes-hpa-custom/./.m2/org/springframework/amqp/spring-rabbit/2.1.3.RELEASE/spring-rabbit-2.1.3.RELEASE.jar:/home/alveesrenan/Documents/kubernetes/kubernetes-hpa-custom/./.m2/org/springframework/amqp/spring-amqp/2.1.3.RELEASE/spring-amqp-2.1.3.RELEASE.jar:/home/alveesrenan/Documents/kubernetes/kubernetes-hpa-custom/./.m2/org/springframework/retry/spring-retry/1.2.3.RELEASE/spring-retry-1.2.3.RELEASE.jar:/home/alveesrenan/Documents/kubernetes/kubernetes-hpa-custom/./.m2/com/rabbitmq/amqp-client/5.4.3/amqp-client-5.4.3.jar:/home/alveesrenan/Documents/kubernetes/kubernetes-hpa-custom/./.m2/org/springframework/spring-tx/5.1.4.RELEASE/spring-tx-5.1.4.RELEASE.jar:/home/alveesrenan/Documents/kubernetes/kubernetes-hpa-custom/./.m2/org/springframework/boot/spring-boot-starter-web/2.1.2.RELEASE/spring-boot-starter-web-2.1.2.RELEASE.jar:/home/alveesrenan/Documents/kubernetes/kubernetes-hpa-custom/./.m2/org/springframework/boot/spring-boot-starter-json/2.1.2.RELEASE/spring-boot-starter-json-2.1.2.RELEASE.jar:/home/alveesrenan/Documents/kubernetes/kubernetes-hpa-custom/./.m2/com/fasterxml/jackson/datatype/jackson-datatype-jdk8/2.9.8/jackson-datatype-jdk8-2.9.8.jar:/home/alveesrenan/Documents/kubernetes/kubernetes-hpa-custom/./.m2/com/fasterxml/jackson/module/jackson-module-parameter-names/2.9.8/jackson-module-parameter-names-2.9.8.jar:/home/alveesrenan/Documents/kubernetes/kubernetes-hpa-custom/./.m2/org/springframework/boot/spring-boot-starter-tomcat/2.1.2.RELEASE/spring-boot-starter-tomcat-2.1.2.RELEASE.jar:/home/alveesrenan/Documents/kubernetes/kubernetes-hpa-custom/./.m2/org/apache/tomcat/embed/tomcat-embed-core/9.0.14/tomcat-embed-core-9.0.14.jar:/home/alveesrenan/Documents/kubernetes/kubernetes-hpa-custom/./.m2/org/apache/tomcat/embed/tomcat-embed-el/9.0.14/tomcat-embed-el-9.0.14.jar:/home/alveesrenan/Documents/kubernetes/kubernetes-hpa-custom/./.m2/org/apache/tomcat/embed/tomcat-embed-websocket/9.0.14/tomcat-embed-websocket-9.0.14.jar:/home/alveesrenan/Documents/kubernetes/kubernetes-hpa-custom/./.m2/org/hibernate/validator/hibernate-validator/6.0.14.Final/hibernate-validator-6.0.14.Final.jar:/home/alveesrenan/Documents/kubernetes/kubernetes-hpa-custom/./.m2/javax/validation/validation-api/2.0.1.Final/validation-api-2.0.1.Final.jar:/home/alveesrenan/Documents/kubernetes/kubernetes-hpa-custom/./.m2/org/jboss/logging/jboss-logging/3.3.2.Final/jboss-logging-3.3.2.Final.jar:/home/alveesrenan/Documents/kubernetes/kubernetes-hpa-custom/./.m2/com/fasterxml/classmate/1.4.0/classmate-1.4.0.jar:/home/alveesrenan/Documents/kubernetes/kubernetes-hpa-custom/./.m2/org/springframework/spring-web/5.1.4.RELEASE/spring-web-5.1.4.RELEASE.jar:/home/alveesrenan/Documents/kubernetes/kubernetes-hpa-custom/./.m2/org/springframework/spring-webmvc/5.1.4.RELEASE/spring-webmvc-5.1.4.RELEASE.jar:/home/alveesrenan/Documents/kubernetes/kubernetes-hpa-custom/./.m2/org/springframework/spring-aop/5.1.4.RELEASE/spring-aop-5.1.4.RELEASE.jar:/home/alveesrenan/Documents/kubernetes/kubernetes-hpa-custom/./.m2/org/springframework/spring-expression/5.1.4.RELEASE/spring-expression-5.1.4.RELEASE.jar:/home/alveesrenan/Documents/kubernetes/kubernetes-hpa-custom/./.m2/org/springframework/boot/spring-boot-starter-test/2.1.2.RELEASE/spring-boot-starter-test-2.1.2.RELEASE.jar:/home/alveesrenan/Documents/kubernetes/kubernetes-hpa-custom/./.m2/org/springframework/boot/spring-boot-test/2.1.2.RELEASE/spring-boot-test-2.1.2.RELEASE.jar:/home/alveesrenan/Documents/kubernetes/kubernetes-hpa-custom/./.m2/org/springframework/boot/spring-boot-test-autoconfigure/2.1.2.RELEASE/spring-boot-test-autoconfigure-2.1.2.RELEASE.jar:/home/alveesrenan/Documents/kubernetes/kubernetes-hpa-custom/./.m2/com/jayway/jsonpath/json-path/2.4.0/json-path-2.4.0.jar:/home/alveesrenan/Documents/kubernetes/kubernetes-hpa-custom/./.m2/net/minidev/json-smart/2.3/json-smart-2.3.jar:/home/alveesrenan/Documents/kubernetes/kubernetes-hpa-custom/./.m2/net/minidev/accessors-smart/1.2/accessors-smart-1.2.jar:/home/alveesrenan/Documents/kubernetes/kubernetes-hpa-custom/./.m2/org/ow2/asm/asm/5.0.4/asm-5.0.4.jar:/home/alveesrenan/Documents/kubernetes/kubernetes-hpa-custom/./.m2/org/slf4j/slf4j-api/1.7.25/slf4j-api-1.7.25.jar:/home/alveesrenan/Documents/kubernetes/kubernetes-hpa-custom/./.m2/junit/junit/4.12/junit-4.12.jar:/home/alveesrenan/Documents/kubernetes/kubernetes-hpa-custom/./.m2/org/assertj/assertj-core/3.11.1/assertj-core-3.11.1.jar:/home/alveesrenan/Documents/kubernetes/kubernetes-hpa-custom/./.m2/org/mockito/mockito-core/2.23.4/mockito-core-2.23.4.jar:/home/alveesrenan/Documents/kubernetes/kubernetes-hpa-custom/./.m2/net/bytebuddy/byte-buddy/1.9.7/byte-buddy-1.9.7.jar:/home/alveesrenan/Documents/kubernetes/kubernetes-hpa-custom/./.m2/net/bytebuddy/byte-buddy-agent/1.9.7/byte-buddy-agent-1.9.7.jar:/home/alveesrenan/Documents/kubernetes/kubernetes-hpa-custom/./.m2/org/objenesis/objenesis/2.6/objenesis-2.6.jar:/home/alveesrenan/Documents/kubernetes/kubernetes-hpa-custom/./.m2/org/hamcrest/hamcrest-core/1.3/hamcrest-core-1.3.jar:/home/alveesrenan/Documents/kubernetes/kubernetes-hpa-custom/./.m2/org/hamcrest/hamcrest-library/1.3/hamcrest-library-1.3.jar:/home/alveesrenan/Documents/kubernetes/kubernetes-hpa-custom/./.m2/org/skyscreamer/jsonassert/1.5.0/jsonassert-1.5.0.jar:/home/alveesrenan/Documents/kubernetes/kubernetes-hpa-custom/./.m2/com/vaadin/external/google/android-json/0.0.20131108.vaadin1/android-json-0.0.20131108.vaadin1.jar:/home/alveesrenan/Documents/kubernetes/kubernetes-hpa-custom/./.m2/org/springframework/spring-core/5.1.4.RELEASE/spring-core-5.1.4.RELEASE.jar:/home/alveesrenan/Documents/kubernetes/kubernetes-hpa-custom/./.m2/org/springframework/spring-jcl/5.1.4.RELEASE/spring-jcl-5.1.4.RELEASE.jar:/home/alveesrenan/Documents/kubernetes/kubernetes-hpa-custom/./.m2/org/springframework/spring-test/5.1.4.RELEASE/spring-test-5.1.4.RELEASE.jar:/home/alveesrenan/Documents/kubernetes/kubernetes-hpa-custom/./.m2/org/xmlunit/xmlunit-core/2.6.2/xmlunit-core-2.6.2.jar:/home/alveesrenan/Documents/kubernetes/kubernetes-hpa-custom/./.m2/org/springframework/boot/spring-boot-configuration-processor/2.1.2.RELEASE/spring-boot-configuration-processor-2.1.2.RELEASE.jar:/home/alveesrenan/Documents/kubernetes/kubernetes-hpa-custom/./.m2/org/projectlombok/lombok/1.16.14/lombok-1.16.14.jar:/home/alveesrenan/Documents/kubernetes/kubernetes-hpa-custom/./.m2/io/micrometer/micrometer-registry-prometheus/1.1.2/micrometer-registry-prometheus-1.1.2.jar:/home/alveesrenan/Documents/kubernetes/kubernetes-hpa-custom/./.m2/io/prometheus/simpleclient_common/0.5.0/simpleclient_common-0.5.0.jar:/home/alveesrenan/Documents/kubernetes/kubernetes-hpa-custom/./.m2/io/prometheus/simpleclient/0.5.0/simpleclient-0.5.0.jar:"/>
    <property name="sun.cpu.endian" value="little"/>
    <property name="user.home" value="/home/alveesrenan"/>
    <property name="user.language" value="en"/>
    <property name="java.specification.vendor" value="Oracle Corporation"/>
    <property name="java.home" value="/usr/lib/jvm/java-8-oracle/jre"/>
    <property name="basedir" value="/home/alveesrenan/Documents/kubernetes/kubernetes-hpa-custom"/>
    <property name="file.separator" value="/"/>
    <property name="line.separator" value="&#10;"/>
    <property name="java.vm.specification.vendor" value="Oracle Corporation"/>
    <property name="java.specification.name" value="Java Platform API Specification"/>
    <property name="java.awt.graphicsenv" value="sun.awt.X11GraphicsEnvironment"/>
    <property name="surefire.real.class.path" value="/home/alveesrenan/Documents/kubernetes/kubernetes-hpa-custom/target/surefire/surefirebooter5084063498410418415.jar"/>
    <property name="sun.boot.class.path" value="/usr/lib/jvm/java-8-oracle/jre/lib/resources.jar:/usr/lib/jvm/java-8-oracle/jre/lib/rt.jar:/usr/lib/jvm/java-8-oracle/jre/lib/sunrsasign.jar:/usr/lib/jvm/java-8-oracle/jre/lib/jsse.jar:/usr/lib/jvm/java-8-oracle/jre/lib/jce.jar:/usr/lib/jvm/java-8-oracle/jre/lib/charsets.jar:/usr/lib/jvm/java-8-oracle/jre/lib/jfr.jar:/usr/lib/jvm/java-8-oracle/jre/classes"/>
    <property name="sun.management.compiler" value="HotSpot 64-Bit Tiered Compilers"/>
    <property name="java.runtime.version" value="1.8.0_131-b11"/>
    <property name="user.name" value="alveesrenan"/>
    <property name="path.separator" value=":"/>
    <property name="os.version" value="4.15.0-43-generic"/>
    <property name="java.endorsed.dirs" value="/usr/lib/jvm/java-8-oracle/jre/lib/endorsed"/>
    <property name="java.runtime.name" value="Java(TM) SE Runtime Environment"/>
    <property name="file.encoding" value="UTF-8"/>
    <property name="java.vm.name" value="Java HotSpot(TM) 64-Bit Server VM"/>
    <property name="localRepository" value="/home/alveesrenan/Documents/kubernetes/kubernetes-hpa-custom/./.m2"/>
    <property name="java.vendor.url.bug" value="http://bugreport.sun.com/bugreport/"/>
    <property name="java.io.tmpdir" value="/tmp"/>
    <property name="java.version" value="1.8.0_131"/>
    <property name="user.dir" value="/home/alveesrenan/Documents/kubernetes/kubernetes-hpa-custom"/>
    <property name="os.arch" value="amd64"/>
    <property name="java.vm.specification.name" value="Java Virtual Machine Specification"/>
    <property name="java.awt.printerjob" value="sun.print.PSPrinterJob"/>
    <property name="user.language.format" value="pt"/>
    <property name="sun.os.patch.level" value="unknown"/>
    <property name="java.library.path" value="/usr/java/packages/lib/amd64:/usr/lib64:/lib64:/lib:/usr/lib"/>
    <property name="java.vm.info" value="mixed mode"/>
    <property name="java.vendor" value="Oracle Corporation"/>
    <property name="java.vm.version" value="25.131-b11"/>
    <property name="java.ext.dirs" value="/usr/lib/jvm/java-8-oracle/jre/lib/ext:/usr/java/packages/lib/ext"/>
    <property name="sun.io.unicode.encoding" value="UnicodeLittle"/>
    <property name="java.class.version" value="52.0"/>
  </properties>
  <testcase name="contextLoads" classname="br.com.alveesrenan.demos.kuberneteshpacustom.KubernetesHpaCustomApplicationTests" time="0.1"/>
</testsuite>